[23:51:04] [main/INFO] (FabricLoader/GameProvider) Loading Minecraft 1.21.1 with Fabric Loader 0.17.3
[23:51:04] [main/INFO] (FabricLoader) Loading 58 mods:
	- cardinal-components-base 6.1.0
	- cardinal-components-entity 6.1.0
	- cobblebugfix 1.5-SNAPSHOT
	- fabric-api 0.116.7+1.21.1
	- fabric-api-base 0.4.42+6573ed8c48
	- fabric-api-lookup-api-v1 1.6.71+b559734419
	- fabric-biome-api-v1 13.0.31+d527f9fd19
	- fabric-block-api-v1 1.1.0+0bc3503219
	- fabric-block-view-api-v2 1.0.11+ebb2264e19
	- fabric-blockrenderlayer-v1 1.1.52+0af3f5a719
	- fabric-client-tags-api-v1 1.1.15+6573ed8c19
	- fabric-command-api-v1 1.2.49+f71b366f19
	- fabric-command-api-v2 2.2.28+6ced4dd919
	- fabric-commands-v0 0.2.66+df3654b319
	- fabric-content-registries-v0 8.0.19+b559734419
	- fabric-convention-tags-v1 2.1.5+7f945d5b19
	- fabric-convention-tags-v2 2.11.1+a406e79519
	- fabric-crash-report-info-v1 0.2.29+0af3f5a719
	- fabric-data-attachment-api-v1 1.4.5+6116a37819
	- fabric-data-generation-api-v1 20.2.34+37516cd619
	- fabric-dimensions-v1 4.0.1+65213ef819
	- fabric-entity-events-v1 1.8.0+2b27e0a419
	- fabric-events-interaction-v0 0.7.13+ba9dae0619
	- fabric-game-rule-api-v1 1.0.53+6ced4dd919
	- fabric-gametest-api-v1 2.0.5+6fc22b9919
	- fabric-item-api-v1 11.2.0+3b3cb2e819
	- fabric-item-group-api-v1 4.1.7+def88e3a19
	- fabric-key-binding-api-v1 1.0.47+0af3f5a719
	- fabric-keybindings-v0 0.2.45+df3654b319
	- fabric-language-kotlin 1.13.6+kotlin.2.2.20
	- fabric-lifecycle-events-v1 2.6.0+0865547519
	- fabric-loot-api-v2 3.0.15+3f89f5a519
	- fabric-loot-api-v3 1.0.3+3f89f5a519
	- fabric-message-api-v1 6.0.14+8aaf3aca19
	- fabric-model-loading-api-v1 2.1.0+b4d813fc19
	- fabric-networking-api-v1 4.3.0+c7469b2119
	- fabric-object-builder-api-v1 15.2.1+40875a9319
	- fabric-particles-v1 4.0.2+6573ed8c19
	- fabric-recipe-api-v1 5.0.15+2475392c19
	- fabric-registry-sync-v0 5.3.1+e3eddc2119
	- fabric-renderer-api-v1 3.4.1+b4d813fc19
	- fabric-renderer-indigo 1.7.1+c705a49c19
	- fabric-renderer-registries-v1 3.2.69+df3654b319
	- fabric-rendering-data-attachment-v1 0.3.49+73761d2e19
	- fabric-rendering-fluids-v1 3.1.6+1daea21519
	- fabric-rendering-v0 1.1.72+df3654b319
	- fabric-rendering-v1 5.1.0+ab4c25a019
	- fabric-resource-conditions-api-v1 4.3.0+8dc279b119
	- fabric-resource-loader-v0 1.3.1+5b5275af19
	- fabric-screen-api-v1 2.0.25+8b68f1c719
	- fabric-screen-handler-api-v1 1.3.90+b559734419
	- fabric-sound-api-v1 1.0.23+6573ed8c19
	- fabric-transfer-api-v1 5.4.3+c24bd99419
	- fabric-transitive-access-wideners-v1 6.2.0+45b9699719
	- fabricloader 0.17.3
	- java 21
	- minecraft 1.21.1
	- mixinextras 0.5.0
[23:51:05] [main/INFO] (FabricLoader/Mixin) SpongePowered MIXIN Subsystem Version=0.8.7 Source=file:/C:/Users/25342/.gradle/caches/modules-2/files-2.1/net.fabricmc/sponge-mixin/0.16.5+mixin.0.8.7/80fc3a9f592673cea87f4cd702f87991c6c9fe4d/sponge-mixin-0.16.5+mixin.0.8.7.jar Service=Knot/Fabric Env=CLIENT
[23:51:05] [main/INFO] (FabricLoader/Mixin) Loaded Fabric development mappings for mixin remapper!
[23:51:05] [main/INFO] (FabricLoader/Mixin) Compatibility level set to JAVA_17
[23:51:06] [main/INFO] (FabricLoader/Mixin) Compatibility level set to JAVA_21
[23:51:06] [main/WARN] (FabricLoader/Mixin) Error loading class: com/cobblemon/mod/common/battles/ActiveBattlePokemon (java.lang.ClassNotFoundException: com/cobblemon/mod/common/battles/ActiveBattlePokemon)
[23:51:06] [main/WARN] (FabricLoader/Mixin) @Mixin target com.cobblemon.mod.common.battles.ActiveBattlePokemon was not found cobblebugfix.mixins.json:ActiveBattlePokemonMixin from mod cobblebugfix
[23:51:06] [main/WARN] (FabricLoader/Mixin) Error loading class: com/cobblemon/mod/common/block/multiblock/FossilMultiblockStructure (java.lang.ClassNotFoundException: com/cobblemon/mod/common/block/multiblock/FossilMultiblockStructure)
[23:51:06] [main/WARN] (FabricLoader/Mixin) @Mixin target com.cobblemon.mod.common.block.multiblock.FossilMultiblockStructure was not found cobblebugfix.mixins.json:FossilMultiblockStructureMixin from mod cobblebugfix
[23:51:06] [main/WARN] (FabricLoader/Mixin) Error loading class: com/cobblemon/mod/common/net/serverhandling/pokemon/interact/InteractPokemonHandler (java.lang.ClassNotFoundException: com/cobblemon/mod/common/net/serverhandling/pokemon/interact/InteractPokemonHandler)
[23:51:06] [main/WARN] (FabricLoader/Mixin) @Mixin target com.cobblemon.mod.common.net.serverhandling.pokemon.interact.InteractPokemonHandler was not found cobblebugfix.mixins.json:InteractPokemonHandlerMixin from mod cobblebugfix
[23:51:06] [main/WARN] (FabricLoader/Mixin) Error loading class: com/cobblemon/mod/common/net/messages/client/storage/pc/OpenPCPacket (java.lang.ClassNotFoundException: com/cobblemon/mod/common/net/messages/client/storage/pc/OpenPCPacket)
[23:51:06] [main/WARN] (FabricLoader/Mixin) @Mixin target com.cobblemon.mod.common.net.messages.client.storage.pc.OpenPCPacket was not found cobblebugfix.mixins.json:OpenPCPacketMixin from mod cobblebugfix
[23:51:06] [main/WARN] (FabricLoader/Mixin) Error loading class: com/cobblemon/mod/common/entity/pokemon/PokemonEntity (java.lang.ClassNotFoundException: com/cobblemon/mod/common/entity/pokemon/PokemonEntity)
[23:51:06] [main/WARN] (FabricLoader/Mixin) @Mixin target com.cobblemon.mod.common.entity.pokemon.PokemonEntity was not found cobblebugfix.mixins.json:PokemonEntityOfferHeldItemMixin from mod cobblebugfix
[23:51:06] [main/WARN] (FabricLoader/Mixin) Error loading class: com/cobblemon/mod/common/command/argument/PokemonPropertiesArgumentType (java.lang.ClassNotFoundException: com/cobblemon/mod/common/command/argument/PokemonPropertiesArgumentType)
[23:51:06] [main/WARN] (FabricLoader/Mixin) @Mixin target com.cobblemon.mod.common.command.argument.PokemonPropertiesArgumentType was not found cobblebugfix.mixins.json:PokemonPropertiesArgumentTypeMixin from mod cobblebugfix
[23:51:06] [main/WARN] (FabricLoader/Mixin) Error loading class: com/cobblemon/mod/common/api/pokemon/PokemonSpecies (java.lang.ClassNotFoundException: com/cobblemon/mod/common/api/pokemon/PokemonSpecies)
[23:51:06] [main/WARN] (FabricLoader/Mixin) @Mixin target com.cobblemon.mod.common.api.pokemon.PokemonSpecies was not found cobblebugfix.mixins.json:PokemonSpeciesSourceTrackerMixin from mod cobblebugfix
[23:51:06] [main/WARN] (FabricLoader/Mixin) Error loading class: com/cobblemon/mod/common/block/entity/PokeSnackBlockEntity (java.lang.ClassNotFoundException: com/cobblemon/mod/common/block/entity/PokeSnackBlockEntity)
[23:51:06] [main/WARN] (FabricLoader/Mixin) @Mixin target com.cobblemon.mod.common.block.entity.PokeSnackBlockEntity was not found cobblebugfix.mixins.json:PokeSnackBlockEntityMixin from mod cobblebugfix
[23:51:06] [main/WARN] (FabricLoader/Mixin) Error loading class: com/cobblemon/mod/common/CobblemonNetwork (java.lang.ClassNotFoundException: com/cobblemon/mod/common/CobblemonNetwork)
[23:51:06] [main/WARN] (FabricLoader/Mixin) @Mixin target com.cobblemon.mod.common.CobblemonNetwork was not found cobblebugfix.client.mixins.json:CobblemonNetworkStarterSelectFlagMixin from mod cobblebugfix
[23:51:06] [main/WARN] (FabricLoader/Mixin) Error loading class: org/orecruncher/dsurround/effects/entity/ItemSwingEffect (java.lang.ClassNotFoundException: org/orecruncher/dsurround/effects/entity/ItemSwingEffect)
[23:51:06] [main/WARN] (FabricLoader/Mixin) Error loading class: com/cobblemon/mod/common/client/render/models/blockbench/PosableModel (java.lang.ClassNotFoundException: com/cobblemon/mod/common/client/render/models/blockbench/PosableModel)
[23:51:06] [main/WARN] (FabricLoader/Mixin) @Mixin target com.cobblemon.mod.common.client.render.models.blockbench.PosableModel was not found cobblebugfix.client.mixins.json:PosableModelMixin from mod cobblebugfix
[23:51:06] [main/WARN] (FabricLoader/Mixin) Error loading class: com/cobblemon/mod/common/client/entity/PokemonClientDelegate (java.lang.ClassNotFoundException: com/cobblemon/mod/common/client/entity/PokemonClientDelegate)
[23:51:06] [main/WARN] (FabricLoader/Mixin) @Mixin target com.cobblemon.mod.common.client.entity.PokemonClientDelegate was not found cobblebugfix.client.mixins.json:PokemonClientDelegateMixin from mod cobblebugfix
[23:51:06] [main/WARN] (FabricLoader/Mixin) Error loading class: com/cobblemon/mod/common/client/gui/pc/PCGUI (java.lang.ClassNotFoundException: com/cobblemon/mod/common/client/gui/pc/PCGUI)
[23:51:06] [main/WARN] (FabricLoader/Mixin) @Mixin target com.cobblemon.mod.common.client.gui.pc.PCGUI was not found cobblebugfix.client.mixins.json:PCGUIUninitGuardMixin from mod cobblebugfix
[23:51:06] [main/WARN] (FabricLoader/Mixin) Error loading class: com/cobblemon/mod/common/client/gui/pc/StorageSlot (java.lang.ClassNotFoundException: com/cobblemon/mod/common/client/gui/pc/StorageSlot)
[23:51:06] [main/WARN] (FabricLoader/Mixin) @Mixin target com.cobblemon.mod.common.client.gui.pc.StorageSlot was not found cobblebugfix.client.mixins.json:StorageSlotRenderGuardMixin from mod cobblebugfix
[23:51:06] [main/WARN] (FabricLoader/Mixin) Error loading class: com/cobblemon/mod/common/client/net/starter/StarterUIPacketHandler (java.lang.ClassNotFoundException: com/cobblemon/mod/common/client/net/starter/StarterUIPacketHandler)
[23:51:06] [main/WARN] (FabricLoader/Mixin) @Mixin target com.cobblemon.mod.common.client.net.starter.StarterUIPacketHandler was not found cobblebugfix.client.mixins.json:StarterUIPacketHandlerMixin from mod cobblebugfix
[23:51:06] [main/WARN] (FabricLoader/Mixin) Error loading class: com/cobblemon/mod/common/client/render/models/blockbench/repository/VaryingModelRepository (java.lang.ClassNotFoundException: com/cobblemon/mod/common/client/render/models/blockbench/repository/VaryingModelRepository)
[23:51:06] [main/WARN] (FabricLoader/Mixin) @Mixin target com.cobblemon.mod.common.client.render.models.blockbench.repository.VaryingModelRepository was not found cobblebugfix.client.mixins.json:VaryingModelRepositorySourceTrackerMixin from mod cobblebugfix
[23:51:08] [main/INFO] (FabricLoader/MixinExtras|Service) Initializing MixinExtras via com.llamalad7.mixinextras.service.MixinExtrasServiceImpl(version=0.5.0).
[23:51:09] [Datafixer Bootstrap/INFO] (Minecraft) 226 Datafixer optimizations took 495 milliseconds
[23:51:12] [main/WARN] (FabricLoader/Mixin) Error loading class: com/cobblemon/mod/common/entity/pokemon/PokemonEntity (java.lang.ClassNotFoundException: com/cobblemon/mod/common/entity/pokemon/PokemonEntity)
[23:51:12] [main/WARN] (FabricLoader/Mixin) Error loading class: com/cobblemon/mod/common/client/CobblemonClient (java.lang.ClassNotFoundException: com/cobblemon/mod/common/client/CobblemonClient)
[23:51:12] [main/ERROR] (FabricLoader) Minecraft has crashed!
net.fabricmc.loader.impl.FormattedException: java.lang.RuntimeException: Mixin transformation of net.minecraft.client.Minecraft failed
	at net.fabricmc.loader.impl.FormattedException.ofLocalized(FormattedException.java:63) ~[fabric-loader-0.17.3.jar:?]
	at net.fabricmc.loader.impl.game.minecraft.MinecraftGameProvider.launch(MinecraftGameProvider.java:508) ~[fabric-loader-0.17.3.jar:?]
	at net.fabricmc.loader.impl.launch.knot.Knot.launch(Knot.java:72) [fabric-loader-0.17.3.jar:?]
	at net.fabricmc.loader.impl.launch.knot.KnotClient.main(KnotClient.java:23) [fabric-loader-0.17.3.jar:?]
	at net.fabricmc.devlaunchinjector.Main.main(Main.java:86) [dev-launch-injector-0.2.1+build.8.jar:?]
Caused by: java.lang.RuntimeException: Mixin transformation of net.minecraft.client.Minecraft failed
	at net.fabricmc.loader.impl.launch.knot.KnotClassDelegate.getPostMixinClassByteArray(KnotClassDelegate.java:440) ~[fabric-loader-0.17.3.jar:?]
	at net.fabricmc.loader.impl.launch.knot.KnotClassDelegate.tryLoadClass(KnotClassDelegate.java:336) ~[fabric-loader-0.17.3.jar:?]
	at net.fabricmc.loader.impl.launch.knot.KnotClassDelegate.loadClass(KnotClassDelegate.java:231) ~[fabric-loader-0.17.3.jar:?]
	at net.fabricmc.loader.impl.launch.knot.KnotClassLoader.loadClass(KnotClassLoader.java:119) ~[fabric-loader-0.17.3.jar:?]
	at java.base/java.lang.ClassLoader.loadClass(ClassLoader.java:526) ~[?:?]
	at knot/net.minecraft.client.main.Main.main(Main.java:210) ~[minecraft-clientOnly-a94c329516-1.21.1-loom.mappings.1_21_1.layered+hash.2198-v2.jar:?]
	at net.fabricmc.loader.impl.game.minecraft.MinecraftGameProvider.launch(MinecraftGameProvider.java:506) ~[fabric-loader-0.17.3.jar:?]
	... 3 more
Caused by: org.spongepowered.asm.mixin.transformer.throwables.MixinTransformerError: An unexpected critical error was encountered
	at org.spongepowered.asm.mixin.transformer.MixinProcessor.applyMixins(MixinProcessor.java:381) ~[sponge-mixin-0.16.5+mixin.0.8.7.jar:0.16.5+mixin.0.8.7]
	at org.spongepowered.asm.mixin.transformer.MixinTransformer.transformClass(MixinTransformer.java:237) ~[sponge-mixin-0.16.5+mixin.0.8.7.jar:0.16.5+mixin.0.8.7]
	at org.spongepowered.asm.mixin.transformer.MixinTransformer.transformClassBytes(MixinTransformer.java:202) ~[sponge-mixin-0.16.5+mixin.0.8.7.jar:0.16.5+mixin.0.8.7]
	at net.fabricmc.loader.impl.launch.knot.KnotClassDelegate.getPostMixinClassByteArray(KnotClassDelegate.java:435) ~[fabric-loader-0.17.3.jar:?]
	at net.fabricmc.loader.impl.launch.knot.KnotClassDelegate.tryLoadClass(KnotClassDelegate.java:336) ~[fabric-loader-0.17.3.jar:?]
	at net.fabricmc.loader.impl.launch.knot.KnotClassDelegate.loadClass(KnotClassDelegate.java:231) ~[fabric-loader-0.17.3.jar:?]
	at net.fabricmc.loader.impl.launch.knot.KnotClassLoader.loadClass(KnotClassLoader.java:119) ~[fabric-loader-0.17.3.jar:?]
	at java.base/java.lang.ClassLoader.loadClass(ClassLoader.java:526) ~[?:?]
	at knot/net.minecraft.client.main.Main.main(Main.java:210) ~[minecraft-clientOnly-a94c329516-1.21.1-loom.mappings.1_21_1.layered+hash.2198-v2.jar:?]
	at net.fabricmc.loader.impl.game.minecraft.MinecraftGameProvider.launch(MinecraftGameProvider.java:506) ~[fabric-loader-0.17.3.jar:?]
	... 3 more
Caused by: org.spongepowered.asm.mixin.transformer.throwables.MixinPreProcessorException: Attach error for cobblebugfix.client.mixins.json:StarterScreenCloseGuardMixin from mod cobblebugfix during activity: [Transform -> Method cobblebugfix_preventClosingStarterScreen(Lnet/minecraft/client/gui/screens/Screen;Lorg/spongepowered/asm/mixin/injection/callback/CallbackInfo;)V -> GETSTATIC -> com/cobblemon/mod/common/client/CobblemonClient::INSTANCE:Lcom/cobblemon/mod/common/client/CobblemonClient;]
	at org.spongepowered.asm.mixin.transformer.MixinPreProcessorStandard.attach(MixinPreProcessorStandard.java:313) ~[sponge-mixin-0.16.5+mixin.0.8.7.jar:0.16.5+mixin.0.8.7]
	at org.spongepowered.asm.mixin.transformer.MixinPreProcessorStandard.createContextFor(MixinPreProcessorStandard.java:277) ~[sponge-mixin-0.16.5+mixin.0.8.7.jar:0.16.5+mixin.0.8.7]
	at org.spongepowered.asm.mixin.transformer.MixinInfo.createContextFor(MixinInfo.java:1292) ~[sponge-mixin-0.16.5+mixin.0.8.7.jar:0.16.5+mixin.0.8.7]
	at org.spongepowered.asm.mixin.transformer.MixinApplicatorStandard.apply(MixinApplicatorStandard.java:203) ~[sponge-mixin-0.16.5+mixin.0.8.7.jar:0.16.5+mixin.0.8.7]
	at org.spongepowered.asm.mixin.transformer.TargetClassContext.apply(TargetClassContext.java:437) ~[sponge-mixin-0.16.5+mixin.0.8.7.jar:0.16.5+mixin.0.8.7]
	at org.spongepowered.asm.mixin.transformer.TargetClassContext.applyMixins(TargetClassContext.java:418) ~[sponge-mixin-0.16.5+mixin.0.8.7.jar:0.16.5+mixin.0.8.7]
	at org.spongepowered.asm.mixin.transformer.MixinProcessor.applyMixins(MixinProcessor.java:352) ~[sponge-mixin-0.16.5+mixin.0.8.7.jar:0.16.5+mixin.0.8.7]
	at org.spongepowered.asm.mixin.transformer.MixinTransformer.transformClass(MixinTransformer.java:237) ~[sponge-mixin-0.16.5+mixin.0.8.7.jar:0.16.5+mixin.0.8.7]
	at org.spongepowered.asm.mixin.transformer.MixinTransformer.transformClassBytes(MixinTransformer.java:202) ~[sponge-mixin-0.16.5+mixin.0.8.7.jar:0.16.5+mixin.0.8.7]
	at net.fabricmc.loader.impl.launch.knot.KnotClassDelegate.getPostMixinClassByteArray(KnotClassDelegate.java:435) ~[fabric-loader-0.17.3.jar:?]
	at net.fabricmc.loader.impl.launch.knot.KnotClassDelegate.tryLoadClass(KnotClassDelegate.java:336) ~[fabric-loader-0.17.3.jar:?]
	at net.fabricmc.loader.impl.launch.knot.KnotClassDelegate.loadClass(KnotClassDelegate.java:231) ~[fabric-loader-0.17.3.jar:?]
	at net.fabricmc.loader.impl.launch.knot.KnotClassLoader.loadClass(KnotClassLoader.java:119) ~[fabric-loader-0.17.3.jar:?]
	at java.base/java.lang.ClassLoader.loadClass(ClassLoader.java:526) ~[?:?]
	at knot/net.minecraft.client.main.Main.main(Main.java:210) ~[minecraft-clientOnly-a94c329516-1.21.1-loom.mappings.1_21_1.layered+hash.2198-v2.jar:?]
	at net.fabricmc.loader.impl.game.minecraft.MinecraftGameProvider.launch(MinecraftGameProvider.java:506) ~[fabric-loader-0.17.3.jar:?]
	... 3 more
Caused by: java.lang.RuntimeException: java.lang.ClassNotFoundException: com.cobblemon.mod.common.client.CobblemonClient
	at org.spongepowered.asm.mixin.transformer.MixinPreProcessorStandard.transformMemberReference(MixinPreProcessorStandard.java:791) ~[sponge-mixin-0.16.5+mixin.0.8.7.jar:0.16.5+mixin.0.8.7]
	at org.spongepowered.asm.mixin.transformer.MixinPreProcessorStandard.transformField(MixinPreProcessorStandard.java:782) ~[sponge-mixin-0.16.5+mixin.0.8.7.jar:0.16.5+mixin.0.8.7]
	at org.spongepowered.asm.mixin.transformer.MixinPreProcessorStandard.transform(MixinPreProcessorStandard.java:745) ~[sponge-mixin-0.16.5+mixin.0.8.7.jar:0.16.5+mixin.0.8.7]
	at org.spongepowered.asm.mixin.transformer.MixinPreProcessorStandard.attach(MixinPreProcessorStandard.java:307) ~[sponge-mixin-0.16.5+mixin.0.8.7.jar:0.16.5+mixin.0.8.7]
	at org.spongepowered.asm.mixin.transformer.MixinPreProcessorStandard.createContextFor(MixinPreProcessorStandard.java:277) ~[sponge-mixin-0.16.5+mixin.0.8.7.jar:0.16.5+mixin.0.8.7]
	at org.spongepowered.asm.mixin.transformer.MixinInfo.createContextFor(MixinInfo.java:1292) ~[sponge-mixin-0.16.5+mixin.0.8.7.jar:0.16.5+mixin.0.8.7]
	at org.spongepowered.asm.mixin.transformer.MixinApplicatorStandard.apply(MixinApplicatorStandard.java:203) ~[sponge-mixin-0.16.5+mixin.0.8.7.jar:0.16.5+mixin.0.8.7]
	at org.spongepowered.asm.mixin.transformer.TargetClassContext.apply(TargetClassContext.java:437) ~[sponge-mixin-0.16.5+mixin.0.8.7.jar:0.16.5+mixin.0.8.7]
	at org.spongepowered.asm.mixin.transformer.TargetClassContext.applyMixins(TargetClassContext.java:418) ~[sponge-mixin-0.16.5+mixin.0.8.7.jar:0.16.5+mixin.0.8.7]
	at org.spongepowered.asm.mixin.transformer.MixinProcessor.applyMixins(MixinProcessor.java:352) ~[sponge-mixin-0.16.5+mixin.0.8.7.jar:0.16.5+mixin.0.8.7]
	at org.spongepowered.asm.mixin.transformer.MixinTransformer.transformClass(MixinTransformer.java:237) ~[sponge-mixin-0.16.5+mixin.0.8.7.jar:0.16.5+mixin.0.8.7]
	at org.spongepowered.asm.mixin.transformer.MixinTransformer.transformClassBytes(MixinTransformer.java:202) ~[sponge-mixin-0.16.5+mixin.0.8.7.jar:0.16.5+mixin.0.8.7]
	at net.fabricmc.loader.impl.launch.knot.KnotClassDelegate.getPostMixinClassByteArray(KnotClassDelegate.java:435) ~[fabric-loader-0.17.3.jar:?]
	at net.fabricmc.loader.impl.launch.knot.KnotClassDelegate.tryLoadClass(KnotClassDelegate.java:336) ~[fabric-loader-0.17.3.jar:?]
	at net.fabricmc.loader.impl.launch.knot.KnotClassDelegate.loadClass(KnotClassDelegate.java:231) ~[fabric-loader-0.17.3.jar:?]
	at net.fabricmc.loader.impl.launch.knot.KnotClassLoader.loadClass(KnotClassLoader.java:119) ~[fabric-loader-0.17.3.jar:?]
	at java.base/java.lang.ClassLoader.loadClass(ClassLoader.java:526) ~[?:?]
	at knot/net.minecraft.client.main.Main.main(Main.java:210) ~[minecraft-clientOnly-a94c329516-1.21.1-loom.mappings.1_21_1.layered+hash.2198-v2.jar:?]
	at net.fabricmc.loader.impl.game.minecraft.MinecraftGameProvider.launch(MinecraftGameProvider.java:506) ~[fabric-loader-0.17.3.jar:?]
	... 3 more
Caused by: java.lang.ClassNotFoundException: com.cobblemon.mod.common.client.CobblemonClient
	at org.spongepowered.asm.mixin.transformer.MixinPreProcessorStandard.transformMemberReference(MixinPreProcessorStandard.java:791) ~[sponge-mixin-0.16.5+mixin.0.8.7.jar:0.16.5+mixin.0.8.7]
	at org.spongepowered.asm.mixin.transformer.MixinPreProcessorStandard.transformField(MixinPreProcessorStandard.java:782) ~[sponge-mixin-0.16.5+mixin.0.8.7.jar:0.16.5+mixin.0.8.7]
	at org.spongepowered.asm.mixin.transformer.MixinPreProcessorStandard.transform(MixinPreProcessorStandard.java:745) ~[sponge-mixin-0.16.5+mixin.0.8.7.jar:0.16.5+mixin.0.8.7]
	at org.spongepowered.asm.mixin.transformer.MixinPreProcessorStandard.attach(MixinPreProcessorStandard.java:307) ~[sponge-mixin-0.16.5+mixin.0.8.7.jar:0.16.5+mixin.0.8.7]
	at org.spongepowered.asm.mixin.transformer.MixinPreProcessorStandard.createContextFor(MixinPreProcessorStandard.java:277) ~[sponge-mixin-0.16.5+mixin.0.8.7.jar:0.16.5+mixin.0.8.7]
	at org.spongepowered.asm.mixin.transformer.MixinInfo.createContextFor(MixinInfo.java:1292) ~[sponge-mixin-0.16.5+mixin.0.8.7.jar:0.16.5+mixin.0.8.7]
	at org.spongepowered.asm.mixin.transformer.MixinApplicatorStandard.apply(MixinApplicatorStandard.java:203) ~[sponge-mixin-0.16.5+mixin.0.8.7.jar:0.16.5+mixin.0.8.7]
	at org.spongepowered.asm.mixin.transformer.TargetClassContext.apply(TargetClassContext.java:437) ~[sponge-mixin-0.16.5+mixin.0.8.7.jar:0.16.5+mixin.0.8.7]
	at org.spongepowered.asm.mixin.transformer.TargetClassContext.applyMixins(TargetClassContext.java:418) ~[sponge-mixin-0.16.5+mixin.0.8.7.jar:0.16.5+mixin.0.8.7]
	at org.spongepowered.asm.mixin.transformer.MixinProcessor.applyMixins(MixinProcessor.java:352) ~[sponge-mixin-0.16.5+mixin.0.8.7.jar:0.16.5+mixin.0.8.7]
	at org.spongepowered.asm.mixin.transformer.MixinTransformer.transformClass(MixinTransformer.java:237) ~[sponge-mixin-0.16.5+mixin.0.8.7.jar:0.16.5+mixin.0.8.7]
	at org.spongepowered.asm.mixin.transformer.MixinTransformer.transformClassBytes(MixinTransformer.java:202) ~[sponge-mixin-0.16.5+mixin.0.8.7.jar:0.16.5+mixin.0.8.7]
	at net.fabricmc.loader.impl.launch.knot.KnotClassDelegate.getPostMixinClassByteArray(KnotClassDelegate.java:435) ~[fabric-loader-0.17.3.jar:?]
	at net.fabricmc.loader.impl.launch.knot.KnotClassDelegate.tryLoadClass(KnotClassDelegate.java:336) ~[fabric-loader-0.17.3.jar:?]
	at net.fabricmc.loader.impl.launch.knot.KnotClassDelegate.loadClass(KnotClassDelegate.java:231) ~[fabric-loader-0.17.3.jar:?]
	at net.fabricmc.loader.impl.launch.knot.KnotClassLoader.loadClass(KnotClassLoader.java:119) ~[fabric-loader-0.17.3.jar:?]
	at java.base/java.lang.ClassLoader.loadClass(ClassLoader.java:526) ~[?:?]
	at knot/net.minecraft.client.main.Main.main(Main.java:210) ~[minecraft-clientOnly-a94c329516-1.21.1-loom.mappings.1_21_1.layered+hash.2198-v2.jar:?]
	at net.fabricmc.loader.impl.game.minecraft.MinecraftGameProvider.launch(MinecraftGameProvider.java:506) ~[fabric-loader-0.17.3.jar:?]
	... 3 more
